Output for the cron output logs
Output for the cron output logs
Output for the cron output logs
Last ran Wed May 26 20:39:13 2021
Last ran Wed May 26 20:52:06 2021
Last ran Wed May 26 21:00:00 2021
Last ran Wed May 26 21:24:37 2021
Last ran Wed May 26 21:29:38 2021
Last ran Wed May 26 21:34:38 2021
Last ran Wed May 26 21:39:38 2021
Last ran Wed May 26 21:44:38 2021
Last ran Wed May 26 21:49:38 2021
Last ran Wed May 26 21:54:39 2021
Last ran Wed May 26 21:59:39 2021
Last ran Wed May 26 22:00:00 2021
Last ran Wed May 26 22:04:39 2021
Last ran Wed May 26 22:09:39 2021
Last ran Wed May 26 22:14:39 2021
Last ran Wed May 26 22:19:40 2021
Last ran Thu May 27 08:41:24 2021
Last ran Thu May 27 08:46:25 2021
Last ran Thu May 27 08:51:25 2021
Last ran Thu May 27 08:56:25 2021
Last ran Thu May 27 09:01:25 2021
Last ran Thu May 27 09:06:26 2021
Last ran Thu May 27 09:11:26 2021
Last ran Thu May 27 09:16:26 2021
Last ran Thu May 27 09:21:26 2021
Last ran Thu May 27 09:26:26 2021
Last ran Thu May 27 09:31:27 2021
Last ran Thu May 27 09:36:27 2021
Last ran Thu May 27 09:41:27 2021
Last ran Thu May 27 09:46:27 2021
Last ran Thu May 27 09:51:27 2021
Last ran Thu May 27 09:56:28 2021
Last ran Thu May 27 10:01:28 2021
Last ran Thu May 27 10:06:28 2021
Last ran Thu May 27 10:11:28 2021
Last ran Thu May 27 10:16:28 2021
Last ran Thu May 27 10:21:29 2021
Last ran Thu May 27 10:26:29 2021
Last ran Thu May 27 10:31:29 2021
Last ran Thu May 27 10:36:29 2021
Last ran Thu May 27 10:41:29 2021
Last ran Thu May 27 10:46:30 2021
Last ran Thu May 27 10:57:20 2021
Last ran Thu May 27 11:02:22 2021
Last ran Thu May 27 11:07:22 2021
Last ran Thu May 27 11:12:22 2021
Last ran Thu May 27 11:17:22 2021
Last ran Thu May 27 11:22:23 2021
Last ran Thu May 27 11:27:23 2021
Last ran Thu May 27 11:32:23 2021
Last ran Thu May 27 11:37:23 2021
Last ran Thu May 27 11:42:24 2021
Last ran Thu May 27 11:47:24 2021
Last ran Thu May 27 11:52:24 2021
Last ran Thu May 27 11:57:25 2021
Last ran Thu May 27 12:02:25 2021
Last ran Thu May 27 12:07:26 2021
Last ran Thu May 27 12:12:27 2021
Last ran Thu May 27 12:17:27 2021
Last ran Thu May 27 12:22:27 2021
Last ran Thu May 27 12:27:28 2021
Last ran Thu May 27 12:32:28 2021
Last ran Thu May 27 12:37:28 2021
Last ran Thu May 27 12:42:28 2021
Last ran Thu May 27 12:47:28 2021
Last ran Thu May 27 12:52:29 2021
Last ran Thu May 27 12:57:29 2021
Last ran Thu May 27 13:02:29 2021
Last ran Thu May 27 13:07:30 2021
Last ran Thu May 27 13:12:30 2021
Last ran Thu May 27 13:17:30 2021
Last ran Thu May 27 13:22:30 2021
Last ran Thu May 27 13:27:30 2021
Last ran Thu May 27 13:32:31 2021
Last ran Thu May 27 13:37:31 2021
Last ran Thu May 27 13:42:31 2021
Last ran Thu May 27 13:47:31 2021
Last ran Thu May 27 13:52:31 2021
Last ran Thu May 27 13:57:32 2021
Last ran Thu May 27 14:02:32 2021
Last ran Thu May 27 14:07:32 2021
Last ran Thu May 27 14:12:33 2021
Last ran Thu May 27 14:17:33 2021
Last ran Thu May 27 14:22:33 2021
Last ran Thu May 27 14:27:33 2021
Last ran Thu May 27 14:32:34 2021
Last ran Thu May 27 14:37:34 2021
Last ran Thu May 27 14:42:34 2021
Last ran Thu May 27 14:47:34 2021
Last ran Thu May 27 14:52:35 2021
Last ran Thu May 27 14:57:35 2021
Last ran Thu May 27 15:02:35 2021
Last ran Thu May 27 15:07:35 2021
Last ran Thu May 27 15:12:37 2021
Last ran Thu May 27 15:17:37 2021
Last ran Thu May 27 15:22:37 2021
Last ran Thu May 27 15:27:38 2021
Last ran Thu May 27 15:32:38 2021
Last ran Thu May 27 15:37:38 2021
Last ran Thu May 27 15:42:38 2021
Last ran Thu May 27 15:47:39 2021
Last ran Thu May 27 15:52:39 2021
Last ran Thu May 27 15:57:39 2021
Last ran Thu May 27 16:02:39 2021
Last ran Thu May 27 16:07:40 2021
Last ran Thu May 27 16:12:40 2021
Last ran Thu May 27 16:17:40 2021
Last ran Thu May 27 16:22:41 2021
Last ran Thu May 27 16:27:41 2021
Last ran Thu May 27 16:32:41 2021
Last ran Thu May 27 16:37:41 2021
Last ran Thu May 27 16:42:42 2021
Last ran Thu May 27 16:47:42 2021
Last ran Thu May 27 16:52:42 2021
Last ran Thu May 27 16:57:42 2021
Last ran Thu May 27 17:02:42 2021
Last ran Thu May 27 17:07:43 2021
Last ran Thu May 27 17:12:43 2021
Last ran Thu May 27 17:17:43 2021
Last ran Thu May 27 17:22:43 2021
Last ran Thu May 27 17:27:44 2021
Last ran Thu May 27 17:32:44 2021
Last ran Thu May 27 17:37:44 2021
Last ran Thu May 27 17:42:44 2021
Last ran Thu May 27 17:47:44 2021
Last ran Thu May 27 17:52:45 2021
Last ran Thu May 27 17:57:45 2021
Last ran Thu May 27 18:02:45 2021
Last ran Thu May 27 18:07:46 2021
Last ran Thu May 27 18:12:46 2021
Last ran Thu May 27 18:17:46 2021
Last ran Thu May 27 18:22:47 2021
Last ran Thu May 27 18:27:48 2021
Last ran Thu May 27 18:32:48 2021
Last ran Thu May 27 18:37:49 2021
Last ran Thu May 27 18:42:49 2021
Last ran Thu May 27 18:47:49 2021
Last ran Thu May 27 18:52:50 2021
Last ran Thu May 27 18:57:50 2021
Last ran Thu May 27 19:02:50 2021
Last ran Thu May 27 19:15:30 2021
Last ran Thu May 27 19:20:30 2021
Last ran Thu May 27 23:39:28 2021
Last ran Thu May 27 23:44:28 2021
Last ran Thu May 27 23:49:28 2021
Last ran Thu May 27 23:54:29 2021
Last ran Thu May 27 23:59:29 2021
Last ran Fri May 28 00:04:29 2021
Last ran Fri May 28 00:09:29 2021
Last ran Fri May 28 00:32:16 2021
Last ran Fri May 28 00:37:16 2021
Last ran Fri May 28 00:42:16 2021
Last ran Fri May 28 00:47:16 2021
Last ran Fri May 28 00:52:17 2021
Last ran Fri May 28 00:57:17 2021
Last ran Fri May 28 01:02:17 2021
Last ran Fri May 28 01:07:17 2021
Last ran Fri May 28 01:12:18 2021
Last ran Fri May 28 01:17:18 2021
Last ran Fri May 28 01:22:18 2021
Last ran Fri May 28 11:26:23 2021
Last ran Fri May 28 11:31:23 2021
Last ran Fri May 28 11:36:24 2021
Last ran Fri May 28 11:45:33 2021
Last ran Fri May 28 11:51:09 2021
Last ran Fri May 28 11:56:09 2021
Last ran Fri May 28 12:01:09 2021
Last ran Fri May 28 12:18:52 2021
Last ran Fri May 28 12:23:53 2021
Last ran Fri May 28 12:28:53 2021
Last ran Fri May 28 12:33:53 2021
Last ran Fri May 28 12:38:53 2021
Last ran Fri May 28 12:43:53 2021
Last ran Fri May 28 12:48:54 2021
Last ran Fri May 28 12:53:54 2021
Last ran Fri May 28 13:24:23 2021
Last ran Fri May 28 13:29:23 2021
Last ran Fri May 28 13:34:23 2021
Last ran Fri May 28 13:39:24 2021
Last ran Fri May 28 13:44:24 2021
Last ran Fri May 28 13:49:24 2021
Last ran Fri May 28 13:54:24 2021
Last ran Fri May 28 13:59:24 2021
Last ran Fri May 28 14:04:25 2021
Last ran Fri May 28 14:09:25 2021
Last ran Fri May 28 14:14:25 2021
Last ran Fri May 28 14:19:25 2021
Last ran Fri May 28 14:24:26 2021
Last ran Fri May 28 14:29:26 2021
Last ran Fri May 28 14:34:26 2021
Last ran Fri May 28 14:39:26 2021
Last ran Fri May 28 14:44:26 2021
Last ran Fri May 28 14:49:27 2021
Last ran Fri May 28 14:54:27 2021
Last ran Fri May 28 15:38:17 2021
Last ran Fri May 28 15:43:17 2021
Last ran Fri May 28 15:48:18 2021
Last ran Fri May 28 15:53:18 2021
Last ran Fri May 28 15:58:18 2021
Last ran Fri May 28 16:03:18 2021
Last ran Fri May 28 16:39:51 2021
Last ran Fri May 28 16:44:51 2021
Last ran Fri May 28 16:49:51 2021
Last ran Fri May 28 16:54:51 2021
Last ran Fri May 28 16:59:52 2021
Last ran Fri May 28 17:04:52 2021
Last ran Fri May 28 17:09:52 2021
Last ran Fri May 28 17:14:52 2021
Last ran Fri May 28 17:19:53 2021
Last ran Fri May 28 17:24:53 2021
Last ran Fri May 28 17:29:54 2021
Last ran Fri May 28 17:34:54 2021
Last ran Fri May 28 17:39:54 2021
Last ran Fri May 28 17:44:54 2021
Last ran Fri May 28 17:49:55 2021
Last ran Fri May 28 17:54:55 2021
Last ran Fri May 28 17:59:55 2021
Last ran Fri May 28 18:04:56 2021
Last ran Fri May 28 18:09:56 2021
Last ran Sat May 29 08:46:49 2021
Last ran Sat May 29 08:51:51 2021
Last ran Sat May 29 08:56:52 2021
Last ran Sat May 29 09:01:52 2021
Last ran Sat May 29 09:06:52 2021
Last ran Sat May 29 09:11:52 2021
Last ran Sat May 29 09:16:52 2021
Last ran Sat May 29 09:21:53 2021
Last ran Sat May 29 09:26:53 2021
Last ran Sat May 29 09:31:53 2021
Last ran Sat May 29 09:51:34 2021
Last ran Sat May 29 09:56:34 2021
Last ran Sat May 29 10:01:34 2021
Last ran Sat May 29 10:06:35 2021
Last ran Sat May 29 10:11:35 2021
Last ran Sat May 29 10:16:35 2021
Last ran Sat May 29 10:21:35 2021
Last ran Sat May 29 10:26:35 2021
Last ran Sat May 29 10:31:36 2021
Last ran Sat May 29 10:36:36 2021
Last ran Sat May 29 11:26:08 2021
Last ran Sat May 29 11:31:08 2021
Last ran Sat May 29 11:36:08 2021
Last ran Sat May 29 11:41:08 2021
Last ran Sat May 29 11:46:08 2021
Last ran Sat May 29 11:51:08 2021
Last ran Sat May 29 13:56:09 2021
Last ran Sat May 29 14:01:09 2021
Last ran Sat May 29 14:06:09 2021
Last ran Sat May 29 14:11:09 2021
Last ran Sat May 29 14:16:09 2021
Last ran Sat May 29 14:21:10 2021
Last ran Sat May 29 16:26:09 2021
Last ran Sat May 29 16:31:09 2021
Last ran Sat May 29 16:36:09 2021
Last ran Sat May 29 16:41:09 2021
Last ran Sat May 29 16:46:10 2021
Last ran Sat May 29 16:51:10 2021
Last ran Sat May 29 18:56:08 2021
Last ran Sat May 29 19:01:09 2021
Last ran Sat May 29 19:06:09 2021
Last ran Sat May 29 19:11:09 2021
Last ran Sat May 29 19:16:09 2021
Last ran Sat May 29 19:21:09 2021
Last ran Sat May 29 19:26:10 2021
Last ran Sat May 29 21:31:09 2021
Last ran Sat May 29 21:36:09 2021
Last ran Sat May 29 21:41:09 2021
Last ran Sat May 29 21:46:09 2021
Last ran Sat May 29 21:51:10 2021
Last ran Sat May 29 21:56:10 2021
Last ran Sun May 30 13:11:31 2021
Last ran Sun May 30 13:16:32 2021
Last ran Sun May 30 13:21:32 2021
Last ran Sun May 30 13:26:32 2021
Last ran Sun May 30 13:31:32 2021
Last ran Sun May 30 13:36:32 2021
Last ran Sun May 30 13:41:33 2021
Last ran Sun May 30 13:46:33 2021
Last ran Sun May 30 13:51:33 2021
Last ran Sun May 30 13:59:37 2021
Last ran Sun May 30 14:04:38 2021
Last ran Sun May 30 14:09:38 2021
Last ran Sun May 30 18:14:37 2021
Last ran Sun May 30 20:06:57 2021
Last ran Sun May 30 20:11:57 2021
Last ran Sun May 30 20:16:57 2021
Last ran Sun May 30 20:21:58 2021
Last ran Sun May 30 20:26:58 2021
Last ran Sun May 30 20:31:58 2021
Last ran Sun May 30 20:36:58 2021
Last ran Sun May 30 20:41:58 2021
Last ran Sun May 30 20:46:59 2021
Last ran Sun May 30 20:53:37 2021
Last ran Sun May 30 20:58:37 2021
Last ran Sun May 30 21:03:38 2021
Last ran Sun May 30 21:08:38 2021
Last ran Sun May 30 21:13:38 2021
Last ran Sun May 30 21:18:39 2021
Last ran Sun May 30 21:23:39 2021
Last ran Sun May 30 21:28:39 2021
Last ran Sun May 30 21:33:39 2021
Last ran Sun May 30 21:38:54 2021
Last ran Sun May 30 21:53:08 2021
Last ran Sun May 30 21:58:08 2021
Last ran Sun May 30 22:03:08 2021
Last ran Sun May 30 22:08:09 2021
Last ran Sun May 30 22:13:09 2021
Last ran Sun May 30 22:18:09 2021
Last ran Sun May 30 22:23:10 2021
Last ran Sun May 30 22:28:10 2021
Last ran Sun May 30 22:33:10 2021
Last ran Sun May 30 22:38:10 2021
Last ran Sun May 30 22:43:11 2021
Last ran Sun May 30 22:48:11 2021
Last ran Sun May 30 23:03:15 2021
Last ran Sun May 30 23:08:16 2021
Last ran Sun May 30 23:13:16 2021
Last ran Sun May 30 23:18:16 2021
Last ran Sun May 30 23:23:16 2021
Last ran Sun May 30 23:28:17 2021
Last ran Sun May 30 23:33:17 2021
Last ran Sun May 30 23:38:17 2021
Last ran Sun May 30 23:43:17 2021
Last ran Sun May 30 23:48:18 2021
Last ran Sun May 30 23:53:18 2021
Last ran Sun May 30 23:58:18 2021
Last ran Mon May 31 00:03:18 2021
Last ran Mon May 31 00:08:19 2021
Last ran Mon May 31 00:13:19 2021
Last ran Mon May 31 00:18:19 2021
Last ran Mon May 31 10:59:35 2021
Last ran Mon May 31 11:04:35 2021
Last ran Mon May 31 11:09:36 2021
Last ran Mon May 31 11:14:36 2021
Last ran Mon May 31 11:19:36 2021
Last ran Mon May 31 11:24:36 2021
Last ran Mon May 31 11:29:37 2021
Last ran Mon May 31 11:34:37 2021
Last ran Mon May 31 11:39:37 2021
Last ran Mon May 31 11:44:37 2021
Last ran Mon May 31 11:49:38 2021
Last ran Mon May 31 11:54:38 2021
Last ran Mon May 31 11:59:38 2021
Last ran Mon May 31 12:04:38 2021
Last ran Mon May 31 12:09:38 2021
Last ran Mon May 31 12:50:33 2021
Last ran Mon May 31 12:55:33 2021
Last ran Mon May 31 13:00:34 2021
Last ran Mon May 31 13:05:34 2021
Last ran Mon May 31 13:10:34 2021
Last ran Mon May 31 13:15:34 2021
Last ran Mon May 31 13:22:31 2021
Last ran Mon May 31 13:27:32 2021
Last ran Mon May 31 13:32:32 2021
Last ran Mon May 31 13:37:32 2021
Last ran Mon May 31 13:42:33 2021
Last ran Mon May 31 13:47:33 2021
Last ran Mon May 31 13:52:34 2021
Last ran Mon May 31 13:57:34 2021
Last ran Mon May 31 14:02:34 2021
Last ran Mon May 31 14:08:39 2021
Last ran Mon May 31 14:13:40 2021
Last ran Mon May 31 14:18:40 2021
Last ran Mon May 31 14:38:40 2021
Last ran Mon May 31 14:43:41 2021
Last ran Mon May 31 14:48:41 2021
Last ran Mon May 31 14:53:41 2021
Last ran Mon May 31 14:58:42 2021
Last ran Mon May 31 15:03:43 2021
Last ran Mon May 31 15:08:43 2021
Last ran Mon May 31 15:13:43 2021
Last ran Mon May 31 15:18:44 2021
Last ran Mon May 31 15:23:44 2021
Last ran Mon May 31 15:28:45 2021
Last ran Mon May 31 15:33:54 2021
Last ran Mon May 31 15:41:25 2021
Last ran Mon May 31 15:46:25 2021
Last ran Mon May 31 15:52:54 2021
Last ran Mon May 31 15:57:54 2021
Last ran Mon May 31 16:02:54 2021
Last ran Mon May 31 16:07:54 2021
Last ran Mon May 31 16:12:54 2021
Last ran Mon May 31 16:41:17 2021
Last ran Mon May 31 16:46:18 2021
Last ran Mon May 31 16:51:18 2021
Last ran Mon May 31 16:56:18 2021
Last ran Mon May 31 17:01:18 2021
Last ran Mon May 31 17:06:20 2021
Last ran Mon May 31 17:11:21 2021
Last ran Mon May 31 17:16:21 2021
Last ran Mon May 31 17:21:21 2021
Last ran Mon May 31 17:26:22 2021
Last ran Mon May 31 17:31:22 2021
Last ran Mon May 31 17:36:23 2021
Last ran Mon May 31 17:41:23 2021
Last ran Mon May 31 18:36:41 2021
Last ran Mon May 31 19:08:43 2021
Last ran Mon May 31 19:13:43 2021
Last ran Mon May 31 19:18:44 2021
Last ran Tue Jun  1 05:31:04 2021
Last ran Tue Jun  1 09:53:47 2021
Last ran Tue Jun  1 09:58:47 2021
Last ran Tue Jun  1 10:03:48 2021
Last ran Tue Jun  1 10:08:48 2021
Last ran Tue Jun  1 10:13:48 2021
Last ran Tue Jun  1 10:18:48 2021
Last ran Tue Jun  1 10:23:49 2021
Last ran Tue Jun  1 10:28:49 2021
Last ran Tue Jun  1 10:33:49 2021
Last ran Tue Jun  1 10:38:50 2021
Last ran Tue Jun  1 10:43:50 2021
Last ran Tue Jun  1 10:48:50 2021
Last ran Tue Jun  1 10:53:50 2021
Last ran Tue Jun  1 10:58:51 2021
Last ran Tue Jun  1 11:03:51 2021
Last ran Tue Jun  1 11:08:51 2021
Last ran Tue Jun  1 11:13:52 2021
Last ran Tue Jun  1 11:18:52 2021
Last ran Tue Jun  1 11:23:52 2021
Last ran Tue Jun  1 11:28:52 2021
Last ran Tue Jun  1 11:33:53 2021
Last ran Tue Jun  1 11:38:53 2021
Last ran Tue Jun  1 11:57:45 2021
Last ran Tue Jun  1 12:02:45 2021
Last ran Tue Jun  1 12:07:45 2021
Last ran Tue Jun  1 12:12:46 2021
Last ran Tue Jun  1 12:17:47 2021
Last ran Tue Jun  1 13:52:20 2021
Last ran Tue Jun  1 13:57:20 2021
Last ran Tue Jun  1 14:02:20 2021
Last ran Tue Jun  1 14:07:21 2021
Last ran Tue Jun  1 14:12:21 2021
Last ran Tue Jun  1 14:17:21 2021
Last ran Tue Jun  1 14:22:21 2021
Last ran Tue Jun  1 14:27:22 2021
Last ran Tue Jun  1 14:32:22 2021
Last ran Tue Jun  1 14:37:22 2021
Last ran Tue Jun  1 14:42:23 2021
Last ran Tue Jun  1 14:47:23 2021
Last ran Tue Jun  1 14:52:24 2021
Last ran Tue Jun  1 14:57:24 2021
Last ran Tue Jun  1 15:02:24 2021
Last ran Tue Jun  1 15:07:24 2021
Last ran Tue Jun  1 15:12:25 2021
Last ran Tue Jun  1 15:17:25 2021
Last ran Tue Jun  1 15:22:25 2021
Last ran Tue Jun  1 15:27:25 2021
Last ran Tue Jun  1 15:32:26 2021
Last ran Tue Jun  1 15:37:26 2021
Last ran Tue Jun  1 15:42:26 2021
Last ran Tue Jun  1 15:47:26 2021
Last ran Tue Jun  1 15:52:27 2021
Last ran Tue Jun  1 15:57:27 2021
Last ran Tue Jun  1 16:20:48 2021
Last ran Tue Jun  1 16:25:48 2021
Last ran Tue Jun  1 16:30:49 2021
Last ran Wed Jun  2 09:12:31 2021
Last ran Wed Jun  2 09:28:28 2021
Last ran Wed Jun  2 09:33:28 2021
Last ran Wed Jun  2 09:38:28 2021
Last ran Wed Jun  2 09:43:29 2021
Last ran Wed Jun  2 09:48:30 2021
Last ran Wed Jun  2 09:53:30 2021
Last ran Wed Jun  2 10:01:00 2021
Last ran Wed Jun  2 10:06:00 2021
Last ran Wed Jun  2 10:11:00 2021
Last ran Wed Jun  2 10:16:00 2021
Last ran Wed Jun  2 10:21:01 2021
Last ran Wed Jun  2 10:26:01 2021
Last ran Wed Jun  2 10:31:01 2021
Last ran Wed Jun  2 10:36:01 2021
Last ran Wed Jun  2 10:41:01 2021
Last ran Wed Jun  2 10:46:02 2021
Last ran Wed Jun  2 10:51:02 2021
Last ran Wed Jun  2 10:56:02 2021
Last ran Wed Jun  2 11:01:02 2021
Last ran Wed Jun  2 11:06:03 2021
Last ran Wed Jun  2 11:11:03 2021
Last ran Wed Jun  2 11:16:03 2021
Last ran Wed Jun  2 11:21:03 2021
Last ran Wed Jun  2 11:26:04 2021
Last ran Wed Jun  2 11:31:04 2021
Last ran Wed Jun  2 11:36:04 2021
Last ran Wed Jun  2 11:41:04 2021
Last ran Wed Jun  2 11:46:05 2021
Last ran Wed Jun  2 11:51:05 2021
Last ran Wed Jun  2 11:56:05 2021
Last ran Wed Jun  2 12:01:05 2021
Last ran Wed Jun  2 12:06:06 2021
Last ran Wed Jun  2 12:11:06 2021
Last ran Wed Jun  2 12:16:06 2021
Last ran Wed Jun  2 12:21:06 2021
Last ran Wed Jun  2 12:26:07 2021
Last ran Wed Jun  2 12:31:07 2021
Last ran Wed Jun  2 12:36:07 2021
Last ran Wed Jun  2 12:41:08 2021
Last ran Wed Jun  2 12:46:08 2021
Last ran Wed Jun  2 12:51:08 2021
Last ran Wed Jun  2 12:56:08 2021
Last ran Wed Jun  2 13:01:09 2021
Last ran Wed Jun  2 13:06:09 2021
Last ran Wed Jun  2 13:11:09 2021
Last ran Wed Jun  2 13:16:09 2021
Last ran Wed Jun  2 13:21:09 2021
Last ran Wed Jun  2 13:26:10 2021
Last ran Wed Jun  2 13:31:10 2021
Last ran Wed Jun  2 13:36:10 2021
Last ran Wed Jun  2 13:41:10 2021
Last ran Wed Jun  2 13:46:10 2021
Last ran Wed Jun  2 13:51:28 2021
Last ran Wed Jun  2 13:56:28 2021
Last ran Wed Jun  2 14:01:28 2021
Last ran Wed Jun  2 14:06:30 2021
Last ran Wed Jun  2 14:11:30 2021
Last ran Wed Jun  2 14:16:31 2021
Last ran Wed Jun  2 14:21:31 2021
Last ran Wed Jun  2 14:26:31 2021
Last ran Wed Jun  2 14:31:31 2021
Last ran Wed Jun  2 14:36:32 2021
Last ran Wed Jun  2 14:41:32 2021
Last ran Wed Jun  2 14:46:32 2021
Last ran Wed Jun  2 14:51:32 2021
Last ran Wed Jun  2 14:56:33 2021
Last ran Wed Jun  2 15:01:33 2021
Last ran Wed Jun  2 15:06:33 2021
Last ran Wed Jun  2 15:11:34 2021
Last ran Wed Jun  2 15:16:34 2021
Last ran Wed Jun  2 15:21:35 2021
Last ran Wed Jun  2 15:26:35 2021
Last ran Wed Jun  2 15:31:35 2021
Last ran Wed Jun  2 15:36:36 2021
Last ran Wed Jun  2 15:41:36 2021
Last ran Wed Jun  2 15:46:36 2021
Last ran Wed Jun  2 15:51:37 2021
Last ran Wed Jun  2 15:56:41 2021
Last ran Wed Jun  2 16:01:41 2021
Last ran Wed Jun  2 16:06:41 2021
Last ran Wed Jun  2 16:11:41 2021
Last ran Wed Jun  2 16:16:42 2021
Last ran Wed Jun  2 16:21:42 2021
Last ran Wed Jun  2 16:26:42 2021
Last ran Wed Jun  2 16:31:42 2021
Last ran Wed Jun  2 16:36:43 2021
Last ran Wed Jun  2 16:41:43 2021
Last ran Wed Jun  2 16:46:43 2021
Last ran Wed Jun  2 16:51:43 2021
Last ran Wed Jun  2 16:56:43 2021
Last ran Wed Jun  2 17:01:44 2021
Last ran Wed Jun  2 17:06:44 2021
Last ran Wed Jun  2 17:11:44 2021
Last ran Wed Jun  2 17:16:44 2021
Last ran Wed Jun  2 17:21:45 2021
Last ran Wed Jun  2 17:26:45 2021
Last ran Wed Jun  2 17:31:45 2021
Last ran Wed Jun  2 17:36:46 2021
Last ran Wed Jun  2 17:41:46 2021
Last ran Wed Jun  2 17:46:46 2021
Last ran Wed Jun  2 17:51:46 2021
Last ran Wed Jun  2 17:56:47 2021
Last ran Wed Jun  2 18:01:47 2021
Last ran Wed Jun  2 18:06:47 2021
Last ran Wed Jun  2 18:11:47 2021
Last ran Wed Jun  2 18:16:48 2021
Last ran Wed Jun  2 18:21:48 2021
Last ran Wed Jun  2 18:26:48 2021
Last ran Wed Jun  2 18:31:48 2021
Last ran Wed Jun  2 18:36:48 2021
Last ran Wed Jun  2 18:41:49 2021
Last ran Wed Jun  2 19:56:52 2021
Last ran Wed Jun  2 20:01:52 2021
Last ran Wed Jun  2 20:06:52 2021
Last ran Wed Jun  2 20:13:08 2021
Last ran Wed Jun  2 20:18:09 2021
Last ran Wed Jun  2 20:23:09 2021
Last ran Wed Jun  2 20:28:09 2021
Last ran Wed Jun  2 20:33:09 2021
Last ran Wed Jun  2 20:38:10 2021
Last ran Wed Jun  2 20:43:10 2021
Last ran Wed Jun  2 20:48:10 2021
Last ran Wed Jun  2 20:53:10 2021
Last ran Wed Jun  2 20:58:10 2021
Last ran Wed Jun  2 21:03:11 2021
Last ran Wed Jun  2 21:08:11 2021
Last ran Wed Jun  2 21:13:11 2021
Last ran Wed Jun  2 21:18:11 2021
Last ran Wed Jun  2 21:23:12 2021
Last ran Wed Jun  2 21:28:12 2021
Last ran Wed Jun  2 21:33:12 2021
Last ran Wed Jun  2 21:38:12 2021
Last ran Wed Jun  2 21:43:13 2021
Last ran Wed Jun  2 21:48:13 2021
Last ran Wed Jun  2 21:53:13 2021
Last ran Thu Jun  3 09:54:58 2021
Last ran Thu Jun  3 10:11:15 2021
Last ran Thu Jun  3 10:16:15 2021
Last ran Thu Jun  3 10:21:15 2021
Last ran Thu Jun  3 10:26:15 2021
Last ran Thu Jun  3 10:31:16 2021
Last ran Thu Jun  3 10:36:16 2021
Last ran Thu Jun  3 10:41:16 2021
Last ran Thu Jun  3 10:46:16 2021
Last ran Thu Jun  3 10:51:16 2021
Last ran Thu Jun  3 10:56:17 2021
Last ran Thu Jun  3 11:01:17 2021
Last ran Thu Jun  3 11:06:17 2021
Last ran Thu Jun  3 11:11:17 2021
Last ran Thu Jun  3 11:16:18 2021
Last ran Thu Jun  3 11:21:18 2021
Last ran Thu Jun  3 11:26:18 2021
Last ran Thu Jun  3 11:31:18 2021
Last ran Thu Jun  3 11:36:19 2021
Last ran Thu Jun  3 11:42:36 2021
Last ran Thu Jun  3 11:47:55 2021
Last ran Thu Jun  3 11:53:18 2021
Last ran Thu Jun  3 11:58:22 2021
Last ran Thu Jun  3 12:03:23 2021
Last ran Thu Jun  3 12:08:23 2021
Last ran Thu Jun  3 12:13:23 2021
Last ran Thu Jun  3 12:18:23 2021
Last ran Thu Jun  3 12:23:23 2021
Last ran Thu Jun  3 12:28:24 2021
Last ran Thu Jun  3 12:33:24 2021
Last ran Thu Jun  3 12:38:24 2021
Last ran Thu Jun  3 12:43:24 2021
Last ran Thu Jun  3 12:48:25 2021
Last ran Thu Jun  3 12:53:25 2021
Last ran Thu Jun  3 12:58:25 2021
Last ran Thu Jun  3 13:03:25 2021
Last ran Thu Jun  3 13:08:27 2021
Last ran Thu Jun  3 13:13:27 2021
Last ran Thu Jun  3 13:18:27 2021
Last ran Thu Jun  3 13:23:27 2021
Last ran Thu Jun  3 13:28:28 2021
Last ran Thu Jun  3 13:33:28 2021
Last ran Thu Jun  3 13:38:28 2021
Last ran Thu Jun  3 13:43:28 2021
Last ran Thu Jun  3 13:48:28 2021
Last ran Thu Jun  3 13:53:29 2021
Last ran Thu Jun  3 13:58:29 2021
Last ran Thu Jun  3 14:03:29 2021
Last ran Thu Jun  3 14:08:29 2021
Last ran Thu Jun  3 14:13:30 2021
Last ran Thu Jun  3 14:18:30 2021
Last ran Thu Jun  3 14:23:30 2021
Last ran Thu Jun  3 14:28:30 2021
Last ran Thu Jun  3 14:33:30 2021
Last ran Thu Jun  3 14:38:31 2021
Last ran Thu Jun  3 14:43:31 2021
Last ran Thu Jun  3 14:48:31 2021
Last ran Thu Jun  3 14:53:31 2021
Last ran Thu Jun  3 14:58:31 2021
Last ran Thu Jun  3 15:03:32 2021
Last ran Thu Jun  3 15:08:32 2021
Last ran Thu Jun  3 15:13:32 2021
Last ran Thu Jun  3 15:18:33 2021
Last ran Thu Jun  3 15:23:33 2021
Last ran Thu Jun  3 15:28:33 2021
Last ran Thu Jun  3 15:33:34 2021
Last ran Thu Jun  3 15:38:34 2021
Last ran Thu Jun  3 15:43:34 2021
Last ran Thu Jun  3 15:48:34 2021
Last ran Thu Jun  3 15:53:34 2021
Last ran Thu Jun  3 15:58:35 2021
Last ran Thu Jun  3 16:03:35 2021
Last ran Thu Jun  3 16:08:35 2021
Last ran Thu Jun  3 16:13:35 2021
Last ran Thu Jun  3 16:18:36 2021
Last ran Thu Jun  3 16:23:36 2021
Last ran Thu Jun  3 16:28:36 2021
Last ran Thu Jun  3 16:33:36 2021
Last ran Thu Jun  3 16:38:37 2021
Last ran Thu Jun  3 16:43:37 2021
Last ran Thu Jun  3 16:48:37 2021
Last ran Thu Jun  3 16:53:37 2021
Last ran Thu Jun  3 16:58:37 2021
Last ran Thu Jun  3 17:03:38 2021
Last ran Thu Jun  3 17:08:38 2021
Last ran Thu Jun  3 17:15:42 2021
Last ran Thu Jun  3 17:20:42 2021
Last ran Thu Jun  3 17:25:43 2021
Last ran Thu Jun  3 17:30:43 2021
Last ran Thu Jun  3 17:35:43 2021
Last ran Thu Jun  3 17:40:44 2021
Last ran Thu Jun  3 17:45:44 2021
Last ran Thu Jun  3 17:50:47 2021
Last ran Thu Jun  3 17:55:47 2021
Last ran Thu Jun  3 18:05:59 2021
Last ran Thu Jun  3 18:14:01 2021
Last ran Thu Jun  3 19:48:42 2021
Last ran Thu Jun  3 19:53:42 2021
Last ran Thu Jun  3 19:58:42 2021
Last ran Thu Jun  3 20:03:43 2021
Last ran Thu Jun  3 20:43:18 2021
Last ran Thu Jun  3 20:48:18 2021
Last ran Thu Jun  3 20:53:19 2021
Last ran Thu Jun  3 20:58:19 2021
Last ran Thu Jun  3 21:03:19 2021
Last ran Thu Jun  3 21:08:19 2021
Last ran Thu Jun  3 21:13:19 2021
Last ran Thu Jun  3 21:18:20 2021
Last ran Thu Jun  3 21:23:20 2021
Last ran Thu Jun  3 21:28:20 2021
Last ran Thu Jun  3 22:46:47 2021
Last ran Thu Jun  3 23:00:46 2021
Last ran Thu Jun  3 23:15:37 2021
Last ran Thu Jun  3 23:20:37 2021
Last ran Thu Jun  3 23:25:37 2021
Last ran Thu Jun  3 23:30:38 2021
Last ran Thu Jun  3 23:35:38 2021
Last ran Thu Jun  3 23:40:38 2021
Last ran Thu Jun  3 23:45:38 2021
Last ran Thu Jun  3 23:50:38 2021
Last ran Thu Jun  3 23:55:39 2021
Last ran Fri Jun  4 00:00:39 2021
Last ran Fri Jun  4 00:05:39 2021
Last ran Fri Jun  4 00:10:39 2021
Last ran Fri Jun  4 00:15:40 2021
Last ran Fri Jun  4 00:20:40 2021
Last ran Fri Jun  4 00:25:40 2021
Last ran Fri Jun  4 00:30:40 2021
Last ran Fri Jun  4 00:35:40 2021
Last ran Fri Jun  4 00:40:41 2021
Last ran Fri Jun  4 00:45:41 2021
Last ran Fri Jun  4 00:50:41 2021
Last ran Fri Jun  4 02:17:21 2021
Last ran Fri Jun  4 02:22:21 2021
Last ran Fri Jun  4 02:27:22 2021
Last ran Fri Jun  4 02:32:22 2021
Last ran Fri Jun  4 02:37:22 2021
Last ran Fri Jun  4 02:42:22 2021
Last ran Fri Jun  4 04:47:21 2021
Last ran Fri Jun  4 04:52:22 2021
Last ran Fri Jun  4 04:57:22 2021
Last ran Fri Jun  4 05:02:22 2021
Last ran Fri Jun  4 05:07:22 2021
Last ran Fri Jun  4 05:12:22 2021
Last ran Fri Jun  4 07:17:22 2021
Last ran Fri Jun  4 07:22:22 2021
Last ran Fri Jun  4 07:27:22 2021
Last ran Fri Jun  4 07:32:22 2021
Last ran Fri Jun  4 07:37:22 2021
Last ran Fri Jun  4 07:42:23 2021
Last ran Fri Jun  4 08:46:32 2021
Last ran Fri Jun  4 08:51:33 2021
Last ran Fri Jun  4 08:56:37 2021
Last ran Fri Jun  4 09:01:37 2021
Last ran Fri Jun  4 09:06:37 2021
Last ran Fri Jun  4 09:11:37 2021
Last ran Fri Jun  4 09:16:38 2021
Last ran Fri Jun  4 09:21:38 2021
Last ran Fri Jun  4 09:26:38 2021
Last ran Fri Jun  4 09:31:38 2021
Last ran Fri Jun  4 09:36:38 2021
Last ran Fri Jun  4 09:41:39 2021
Last ran Fri Jun  4 09:46:39 2021
Last ran Fri Jun  4 09:51:39 2021
Last ran Fri Jun  4 09:56:39 2021
Last ran Fri Jun  4 10:01:40 2021
Last ran Fri Jun  4 10:06:40 2021
Last ran Fri Jun  4 10:11:40 2021
Last ran Fri Jun  4 10:16:40 2021
Last ran Fri Jun  4 10:21:41 2021
Last ran Fri Jun  4 10:26:41 2021
Last ran Fri Jun  4 10:31:41 2021
Last ran Fri Jun  4 10:36:41 2021
Last ran Fri Jun  4 10:41:41 2021
Last ran Fri Jun  4 10:46:42 2021
Last ran Fri Jun  4 10:51:42 2021
Last ran Fri Jun  4 10:56:42 2021
Last ran Fri Jun  4 11:01:43 2021
Last ran Fri Jun  4 11:06:43 2021
Last ran Fri Jun  4 11:11:43 2021
Last ran Fri Jun  4 11:16:44 2021
Last ran Fri Jun  4 11:21:44 2021
Last ran Fri Jun  4 11:26:44 2021
Last ran Fri Jun  4 11:31:44 2021
Last ran Fri Jun  4 11:36:45 2021
Last ran Fri Jun  4 11:41:45 2021
Last ran Fri Jun  4 11:46:45 2021
Last ran Fri Jun  4 11:51:45 2021
Last ran Fri Jun  4 11:56:46 2021
Last ran Fri Jun  4 12:01:46 2021
Last ran Fri Jun  4 12:19:23 2021
Last ran Fri Jun  4 12:24:23 2021
Last ran Fri Jun  4 12:29:24 2021
Last ran Fri Jun  4 12:34:24 2021
Last ran Fri Jun  4 12:39:24 2021
Last ran Fri Jun  4 12:47:11 2021
Last ran Fri Jun  4 12:52:12 2021
Last ran Fri Jun  4 12:57:12 2021
Last ran Fri Jun  4 13:02:13 2021
Last ran Fri Jun  4 13:07:13 2021
Last ran Fri Jun  4 13:12:13 2021
Last ran Fri Jun  4 13:17:38 2021
Last ran Fri Jun  4 13:22:38 2021
Last ran Fri Jun  4 13:27:38 2021
Last ran Fri Jun  4 13:32:39 2021
Last ran Fri Jun  4 13:37:39 2021
Last ran Fri Jun  4 13:42:39 2021
Last ran Fri Jun  4 13:47:39 2021
Last ran Fri Jun  4 13:52:40 2021
Last ran Fri Jun  4 13:57:40 2021
Last ran Fri Jun  4 14:02:40 2021
Last ran Fri Jun  4 14:07:40 2021
Last ran Fri Jun  4 14:12:41 2021
Last ran Fri Jun  4 14:17:41 2021
Last ran Fri Jun  4 14:22:42 2021
Last ran Fri Jun  4 14:27:42 2021
Last ran Fri Jun  4 14:32:42 2021
Last ran Fri Jun  4 14:37:42 2021
Last ran Fri Jun  4 14:42:42 2021
Last ran Fri Jun  4 14:47:43 2021
Last ran Fri Jun  4 14:52:43 2021
Last ran Fri Jun  4 14:57:43 2021
Last ran Fri Jun  4 15:02:43 2021
Last ran Fri Jun  4 15:07:44 2021
Last ran Fri Jun  4 15:12:44 2021
Last ran Fri Jun  4 15:17:44 2021
Last ran Fri Jun  4 15:22:44 2021
Last ran Fri Jun  4 15:27:45 2021
Last ran Fri Jun  4 15:32:45 2021
Last ran Fri Jun  4 15:37:45 2021
Last ran Fri Jun  4 15:42:46 2021
Last ran Fri Jun  4 15:47:46 2021
Last ran Fri Jun  4 15:52:46 2021
Last ran Fri Jun  4 15:57:46 2021
Last ran Fri Jun  4 16:02:46 2021
Last ran Fri Jun  4 16:07:47 2021
Last ran Fri Jun  4 16:12:47 2021
Last ran Fri Jun  4 16:17:47 2021
Last ran Fri Jun  4 16:22:47 2021
Last ran Fri Jun  4 17:05:39 2021
Last ran Fri Jun  4 17:10:39 2021
Last ran Fri Jun  4 17:15:39 2021
Last ran Fri Jun  4 17:20:39 2021
Last ran Fri Jun  4 17:25:39 2021
Last ran Fri Jun  4 17:30:40 2021
Last ran Fri Jun  4 18:04:14 2021
Last ran Fri Jun  4 18:09:15 2021
Last ran Fri Jun  4 18:14:15 2021
Last ran Fri Jun  4 18:19:15 2021
Last ran Fri Jun  4 20:51:44 2021
Last ran Fri Jun  4 20:56:44 2021
Last ran Fri Jun  4 21:01:44 2021
Last ran Fri Jun  4 21:06:44 2021
Last ran Fri Jun  4 21:11:45 2021
Last ran Fri Jun  4 21:16:45 2021
Last ran Fri Jun  4 21:24:21 2021
Last ran Fri Jun  4 21:41:26 2021
Last ran Fri Jun  4 22:10:48 2021
Last ran Fri Jun  4 22:15:49 2021
Last ran Fri Jun  4 22:20:49 2021
Last ran Fri Jun  4 22:25:49 2021
Last ran Fri Jun  4 22:30:49 2021
Last ran Fri Jun  4 22:35:50 2021
Last ran Fri Jun  4 22:40:50 2021
Last ran Fri Jun  4 22:45:50 2021
Last ran Fri Jun  4 22:50:50 2021
Last ran Fri Jun  4 22:55:50 2021
Last ran Fri Jun  4 23:00:51 2021
Last ran Fri Jun  4 23:05:51 2021
Last ran Fri Jun  4 23:10:51 2021
Last ran Fri Jun  4 23:15:51 2021
Last ran Fri Jun  4 23:32:20 2021
Last ran Fri Jun  4 23:37:20 2021
Last ran Fri Jun  4 23:42:20 2021
Last ran Fri Jun  4 23:47:20 2021
Last ran Fri Jun  4 23:52:20 2021
Last ran Fri Jun  4 23:57:21 2021
Last ran Sat Jun  5 00:02:21 2021
Last ran Sat Jun  5 00:07:21 2021
Last ran Sat Jun  5 00:12:21 2021
Last ran Sat Jun  5 00:17:22 2021
Last ran Sat Jun  5 00:22:22 2021
Last ran Sat Jun  5 00:27:22 2021
Last ran Sat Jun  5 00:32:22 2021
Last ran Sat Jun  5 00:37:22 2021
Last ran Sat Jun  5 00:42:23 2021
Last ran Sat Jun  5 00:47:23 2021
Last ran Sat Jun  5 00:52:23 2021
Last ran Sat Jun  5 10:07:42 2021
Last ran Sat Jun  5 10:12:42 2021
Last ran Sat Jun  5 10:17:42 2021
Last ran Sat Jun  5 10:22:42 2021
Last ran Sat Jun  5 12:07:55 2021
Last ran Sat Jun  5 12:12:55 2021
Last ran Sat Jun  5 12:17:55 2021
Last ran Sat Jun  5 12:22:56 2021
Last ran Sat Jun  5 12:27:56 2021
Last ran Sat Jun  5 12:32:56 2021
Last ran Sat Jun  5 12:37:56 2021
Last ran Sat Jun  5 12:42:57 2021
Last ran Sat Jun  5 12:47:57 2021
Last ran Sat Jun  5 12:52:57 2021
Last ran Sat Jun  5 12:57:57 2021
Last ran Sat Jun  5 13:02:58 2021
Last ran Sat Jun  5 13:07:58 2021
Last ran Sat Jun  5 13:12:58 2021
Last ran Sat Jun  5 13:17:58 2021
Last ran Sat Jun  5 13:22:59 2021
Last ran Sat Jun  5 13:28:34 2021
Last ran Sat Jun  5 13:33:34 2021
Last ran Sat Jun  5 13:38:34 2021
Last ran Sat Jun  5 13:43:34 2021
Last ran Sat Jun  5 13:48:34 2021
Last ran Sat Jun  5 13:53:35 2021
Last ran Sat Jun  5 13:58:35 2021
Last ran Sat Jun  5 14:03:35 2021
Last ran Sat Jun  5 14:08:35 2021
Last ran Sat Jun  5 14:13:35 2021
Last ran Sat Jun  5 14:18:36 2021
Last ran Sat Jun  5 14:23:36 2021
Last ran Sat Jun  5 14:28:36 2021
Last ran Sat Jun  5 14:33:37 2021
Last ran Sat Jun  5 14:38:37 2021
Last ran Sat Jun  5 14:43:37 2021
Last ran Sat Jun  5 14:48:37 2021
Last ran Sat Jun  5 14:53:38 2021
Last ran Sat Jun  5 14:58:38 2021
Last ran Sat Jun  5 15:09:03 2021
Last ran Sat Jun  5 15:14:03 2021
Last ran Sat Jun  5 15:19:03 2021
Last ran Sat Jun  5 15:24:03 2021
Last ran Sat Jun  5 15:29:03 2021
Last ran Sat Jun  5 15:34:04 2021
Last ran Sat Jun  5 15:39:04 2021
Last ran Sat Jun  5 15:44:04 2021
Last ran Sat Jun  5 15:53:28 2021
Last ran Sat Jun  5 16:12:54 2021
Last ran Sat Jun  5 16:17:54 2021
Last ran Sat Jun  5 17:59:13 2021
Last ran Sat Jun  5 18:04:13 2021
Last ran Sat Jun  5 18:09:14 2021
Last ran Sat Jun  5 18:14:14 2021
Last ran Sat Jun  5 18:19:14 2021
Last ran Sat Jun  5 18:24:14 2021
Last ran Sat Jun  5 18:29:14 2021
Last ran Sat Jun  5 18:34:15 2021
Last ran Sat Jun  5 18:39:15 2021
Last ran Sat Jun  5 18:44:15 2021
Last ran Sat Jun  5 18:49:15 2021
Last ran Sat Jun  5 18:54:15 2021
Last ran Sat Jun  5 18:59:16 2021
Last ran Sat Jun  5 19:04:16 2021
Last ran Sat Jun  5 19:09:16 2021
Last ran Sat Jun  5 19:14:16 2021
Last ran Sat Jun  5 19:19:16 2021
Last ran Sat Jun  5 19:24:17 2021
Last ran Sat Jun  5 19:29:17 2021
Last ran Sat Jun  5 19:34:17 2021
Last ran Sat Jun  5 19:39:17 2021
Last ran Sat Jun  5 19:44:17 2021
Last ran Sat Jun  5 19:49:18 2021
Last ran Sat Jun  5 19:54:18 2021
Last ran Sat Jun  5 19:59:18 2021
Last ran Sat Jun  5 20:04:18 2021
Last ran Sat Jun  5 20:09:18 2021
Last ran Sat Jun  5 20:14:19 2021
Last ran Sat Jun  5 20:19:19 2021
Last ran Sat Jun  5 20:24:19 2021
Last ran Sat Jun  5 20:29:19 2021
Last ran Sat Jun  5 20:34:20 2021
Last ran Sun Jun  6 09:15:46 2021
Last ran Sun Jun  6 09:20:47 2021
Last ran Sun Jun  6 09:25:47 2021
Last ran Sun Jun  6 09:30:47 2021
Last ran Sun Jun  6 09:35:47 2021
Last ran Sun Jun  6 09:40:47 2021
Last ran Sun Jun  6 09:45:48 2021
Last ran Sun Jun  6 09:50:48 2021
Last ran Sun Jun  6 09:55:48 2021
Last ran Sun Jun  6 10:06:45 2021
Last ran Sun Jun  6 10:11:45 2021
Last ran Sun Jun  6 10:16:45 2021
Last ran Sun Jun  6 10:21:45 2021
Last ran Sun Jun  6 10:26:46 2021
Last ran Sun Jun  6 10:31:46 2021
Last ran Sun Jun  6 10:36:46 2021
Last ran Sun Jun  6 10:41:46 2021
Last ran Sun Jun  6 10:46:47 2021
Last ran Sun Jun  6 10:51:48 2021
Last ran Sun Jun  6 10:56:11 2021
Last ran Sun Jun  6 11:01:11 2021
Last ran Sun Jun  6 11:06:11 2021
Last ran Sun Jun  6 11:11:11 2021
Last ran Sun Jun  6 11:16:12 2021
Last ran Sun Jun  6 11:21:12 2021
Last ran Sun Jun  6 11:26:12 2021
Last ran Sun Jun  6 11:31:13 2021
Last ran Sun Jun  6 11:36:13 2021
Last ran Sun Jun  6 11:41:14 2021
Last ran Sun Jun  6 11:46:14 2021
Last ran Sun Jun  6 11:51:14 2021
Last ran Sun Jun  6 11:56:16 2021
Last ran Sun Jun  6 12:01:16 2021
Last ran Sun Jun  6 12:06:16 2021
